INFO:WDM:====== WebDriver manager ======
INFO:WDM:Get LATEST chromedriver version for google-chrome 108.0.5359
INFO:WDM:Driver [C:\Users\kianv\.wdm\drivers\chromedriver\win32\108.0.5359\chromedriver.exe] found in cache
INFO:WDM:====== WebDriver manager ======
INFO:WDM:Get LATEST chromedriver version for google-chrome 108.0.5359
INFO:WDM:Driver [C:\Users\kianv\.wdm\drivers\chromedriver\win32\108.0.5359\chromedriver.exe] found in cache
INFO:WDM:====== WebDriver manager ======
INFO:WDM:Get LATEST chromedriver version for google-chrome 108.0.5359
INFO:WDM:Driver [C:\Users\kianv\.wdm\drivers\chromedriver\win32\108.0.5359\chromedriver.exe] found in cache
INFO:WDM:====== WebDriver manager ======
INFO:WDM:Get LATEST chromedriver version for google-chrome 108.0.5359
INFO:WDM:Driver [C:\Users\kianv\.wdm\drivers\chromedriver\win32\108.0.5359\chromedriver.exe] found in cache
INFO:WDM:====== WebDriver manager ======
INFO:WDM:Get LATEST chromedriver version for google-chrome 108.0.5359
INFO:WDM:Driver [C:\Users\kianv\.wdm\drivers\chromedriver\win32\108.0.5359\chromedriver.exe] found in cache
INFO:WDM:====== WebDriver manager ======
INFO:WDM:Get LATEST chromedriver version for google-chrome 108.0.5359
INFO:WDM:About to download new driver from https://chromedriver.storage.googleapis.com/108.0.5359.71/chromedriver_win32.zip
INFO:WDM:Driver has been saved in cache [C:\Users\kianv\.wdm\drivers\chromedriver\win32\108.0.5359]
INFO:WDM:====== WebDriver manager ======
INFO:WDM:Get LATEST chromedriver version for google-chrome 108.0.5359
INFO:WDM:Driver [C:\Users\kianv\.wdm\drivers\chromedriver\win32\108.0.5359\chromedriver.exe] found in cache
